<?xml version="1.0" encoding="UTF-8"?>
<testsuite name="com.bcp.bootcamp.shopvintage.auctions.AuctionsApplicationTests" tests="1" skipped="0" failures="0" errors="0" timestamp="2021-04-07T23:18:49" hostname="Alfredos-MacBook-Pro.local" time="0.817">
  <properties/>
  <testcase name="contextLoads()" classname="com.bcp.bootcamp.shopvintage.auctions.AuctionsApplicationTests" time="0.817"/>
  <system-out><![CDATA[18:18:46.097 [Test worker] DEBUG org.springframework.test.context.BootstrapUtils - Instantiating CacheAwareContextLoaderDelegate from class [org.springframework.test.context.cache.DefaultCacheAwareContextLoaderDelegate]
18:18:46.132 [Test worker] DEBUG org.springframework.test.context.BootstrapUtils - Instantiating BootstrapContext using constructor [public org.springframework.test.context.support.DefaultBootstrapContext(java.lang.Class,org.springframework.test.context.CacheAwareContextLoaderDelegate)]
18:18:46.194 [Test worker] DEBUG org.springframework.test.context.BootstrapUtils - Instantiating TestContextBootstrapper for test class [com.bcp.bootcamp.shopvintage.auctions.AuctionsApplicationTests] from class [org.springframework.boot.test.context.SpringBootTestContextBootstrapper]
18:18:46.208 [Test worker] INFO org.springframework.boot.test.context.SpringBootTestContextBootstrapper - Neither @ContextConfiguration nor @ContextHierarchy found for test class [com.bcp.bootcamp.shopvintage.auctions.AuctionsApplicationTests], using SpringBootContextLoader
18:18:46.215 [Test worker] DEBUG org.springframework.test.context.support.AbstractContextLoader - Did not detect default resource location for test class [com.bcp.bootcamp.shopvintage.auctions.AuctionsApplicationTests]: class path resource [com/bcp/bootcamp/shopvintage/auctions/AuctionsApplicationTests-context.xml] does not exist
18:18:46.216 [Test worker] DEBUG org.springframework.test.context.support.AbstractContextLoader - Did not detect default resource location for test class [com.bcp.bootcamp.shopvintage.auctions.AuctionsApplicationTests]: class path resource [com/bcp/bootcamp/shopvintage/auctions/AuctionsApplicationTestsContext.groovy] does not exist
18:18:46.217 [Test worker] INFO org.springframework.test.context.support.AbstractContextLoader - Could not detect default resource locations for test class [com.bcp.bootcamp.shopvintage.auctions.AuctionsApplicationTests]: no resource found for suffixes {-context.xml, Context.groovy}.
18:18:46.219 [Test worker] INFO org.springframework.test.context.support.AnnotationConfigContextLoaderUtils - Could not detect default configuration classes for test class [com.bcp.bootcamp.shopvintage.auctions.AuctionsApplicationTests]: AuctionsApplicationTests does not declare any static, non-private, non-final, nested classes annotated with @Configuration.
18:18:46.329 [Test worker] DEBUG org.springframework.test.context.support.ActiveProfilesUtils - Could not find an 'annotation declaring class' for annotation type [org.springframework.test.context.ActiveProfiles] and class [com.bcp.bootcamp.shopvintage.auctions.AuctionsApplicationTests]
18:18:46.408 [Test worker] DEBUG org.springframework.context.annotation.ClassPathScanningCandidateComponentProvider - Identified candidate component class: file [/Users/alfredobenaute/bootcamp-abril/auctions/build/classes/java/main/com/bcp/bootcamp/shopvintage/auctions/AuctionsApplication.class]
18:18:46.409 [Test worker] INFO org.springframework.boot.test.context.SpringBootTestContextBootstrapper - Found @SpringBootConfiguration com.bcp.bootcamp.shopvintage.auctions.AuctionsApplication for test class com.bcp.bootcamp.shopvintage.auctions.AuctionsApplicationTests
18:18:46.538 [Test worker] DEBUG org.springframework.boot.test.context.SpringBootTestContextBootstrapper - @TestExecutionListeners is not present for class [com.bcp.bootcamp.shopvintage.auctions.AuctionsApplicationTests]: using defaults.
18:18:46.538 [Test worker] INFO org.springframework.boot.test.context.SpringBootTestContextBootstrapper - Loaded default TestExecutionListener class names from location [META-INF/spring.factories]: [org.springframework.boot.test.autoconfigure.restdocs.RestDocsTestExecutionListener, org.springframework.boot.test.autoconfigure.web.client.MockRestServiceServerResetTestExecutionListener, org.springframework.boot.test.autoconfigure.web.servlet.MockMvcPrintOnlyOnFailureTestExecutionListener, org.springframework.boot.test.autoconfigure.web.servlet.WebDriverTestExecutionListener, org.springframework.boot.test.autoconfigure.webservices.client.MockWebServiceServerTestExecutionListener, org.springframework.boot.test.mock.mockito.MockitoTestExecutionListener, org.springframework.boot.test.mock.mockito.ResetMocksTestExecutionListener, org.springframework.test.context.web.ServletTestExecutionListener, org.springframework.test.context.support.DirtiesContextBeforeModesTestExecutionListener, org.springframework.test.context.event.ApplicationEventsTestExecutionListener, org.springframework.test.context.support.DependencyInjectionTestExecutionListener, org.springframework.test.context.support.DirtiesContextTestExecutionListener, org.springframework.test.context.transaction.TransactionalTestExecutionListener, org.springframework.test.context.jdbc.SqlScriptsTestExecutionListener, org.springframework.test.context.event.EventPublishingTestExecutionListener]
18:18:46.552 [Test worker] DEBUG org.springframework.boot.test.context.SpringBootTestContextBootstrapper - Skipping candidate TestExecutionListener [org.springframework.test.context.transaction.TransactionalTestExecutionListener] due to a missing dependency. Specify custom listener classes or make the default listener classes and their required dependencies available. Offending class: [org/springframework/transaction/interceptor/TransactionAttributeSource]
18:18:46.553 [Test worker] DEBUG org.springframework.boot.test.context.SpringBootTestContextBootstrapper - Skipping candidate TestExecutionListener [org.springframework.test.context.jdbc.SqlScriptsTestExecutionListener] due to a missing dependency. Specify custom listener classes or make the default listener classes and their required dependencies available. Offending class: [org/springframework/transaction/interceptor/TransactionAttribute]
18:18:46.554 [Test worker] INFO org.springframework.boot.test.context.SpringBootTestContextBootstrapper - Using TestExecutionListeners: [org.springframework.test.context.web.ServletTestExecutionListener@222c2c22, org.springframework.test.context.support.DirtiesContextBeforeModesTestExecutionListener@1d70126, org.springframework.test.context.event.ApplicationEventsTestExecutionListener@1d8f00ea, org.springframework.boot.test.mock.mockito.MockitoTestExecutionListener@e8037d6, org.springframework.boot.test.autoconfigure.SpringBootDependencyInjectionTestExecutionListener@4d0e4718, org.springframework.test.context.support.DirtiesContextTestExecutionListener@7469b1ae, org.springframework.test.context.event.EventPublishingTestExecutionListener@11846799, org.springframework.boot.test.autoconfigure.restdocs.RestDocsTestExecutionListener@1eb5dcf8, org.springframework.boot.test.autoconfigure.web.client.MockRestServiceServerResetTestExecutionListener@213c6eb1, org.springframework.boot.test.autoconfigure.web.servlet.MockMvcPrintOnlyOnFailureTestExecutionListener@18e15ff9, org.springframework.boot.test.autoconfigure.web.servlet.WebDriverTestExecutionListener@2a6b5bd3, org.springframework.boot.test.autoconfigure.webservices.client.MockWebServiceServerTestExecutionListener@1a89007a, org.springframework.boot.test.mock.mockito.ResetMocksTestExecutionListener@5882ac7c]
18:18:46.565 [Test worker] DEBUG org.springframework.test.context.support.AbstractDirtiesContextTestExecutionListener - Before test class: context [DefaultTestContext@6889beeb testClass = AuctionsApplicationTests, testInstance = [null], testMethod = [null], testException = [null], mergedContextConfiguration = [WebMergedContextConfiguration@10dc3f9f testClass = AuctionsApplicationTests, locations = '{}', classes = '{class com.bcp.bootcamp.shopvintage.auctions.AuctionsApplication}', contextInitializerClasses = '[]', activeProfiles = '{}', propertySourceLocations = '{}', propertySourceProperties = '{org.springframework.boot.test.context.SpringBootTestContextBootstrapper=true}', contextCustomizers = set[org.springframework.boot.test.autoconfigure.actuate.metrics.MetricsExportContextCustomizerFactory$DisableMetricExportContextCustomizer@6ed34690, org.springframework.boot.test.autoconfigure.properties.PropertyMappingContextCustomizer@0, org.springframework.boot.test.autoconfigure.web.servlet.WebDriverContextCustomizerFactory$Customizer@35d7d7d9, org.springframework.boot.test.context.filter.ExcludeFilterContextCustomizer@53a90ffc, org.springframework.boot.test.json.DuplicateJsonObjectContextCustomizerFactory$DuplicateJsonObjectContextCustomizer@252b58b0, org.springframework.boot.test.mock.mockito.MockitoContextCustomizer@0, org.springframework.boot.test.web.client.TestRestTemplateContextCustomizer@6ef69db4, org.springframework.boot.test.context.SpringBootTestArgs@1, org.springframework.boot.test.context.SpringBootTestWebEnvironment@13c7026a], resourceBasePath = 'src/main/webapp', contextLoader = 'org.springframework.boot.test.context.SpringBootContextLoader', parent = [null]], attributes = map['org.springframework.test.context.web.ServletTestExecutionListener.activateListener' -> true]], class annotated with @DirtiesContext [false] with mode [null].
18:18:46.612 [Test worker] DEBUG org.springframework.test.context.support.TestPropertySourceUtils - Adding inlined properties to environment: {spring.jmx.enabled=false, org.springframework.boot.test.context.SpringBootTestContextBootstrapper=true}

  .   ____          _            __ _ _
 /\\ / ___'_ __ _ _(_)_ __  __ _ \ \ \ \
( ( )\___ | '_ | '_| | '_ \/ _` | \ \ \ \
 \\/  ___)| |_)| | | | | || (_| |  ) ) ) )
  '  |____| .__|_| |_|_| |_\__, | / / / /
 =========|_|==============|___/=/_/_/_/
 :: Spring Boot ::                (v2.4.4)

2021-04-07 18:18:47.172  INFO 55278 --- [    Test worker] c.b.b.s.a.AuctionsApplicationTests       : Starting AuctionsApplicationTests using Java 13.0.1 on Alfredos-MacBook-Pro.local with PID 55278 (started by alfredobenaute in /Users/alfredobenaute/bootcamp-abril/auctions)
2021-04-07 18:18:47.175  INFO 55278 --- [    Test worker] c.b.b.s.a.AuctionsApplicationTests       : No active profile set, falling back to default profiles: default
2021-04-07 18:18:48.763  INFO 55278 --- [    Test worker] o.s.s.concurrent.ThreadPoolTaskExecutor  : Initializing ExecutorService 'applicationTaskExecutor'
2021-04-07 18:18:49.194  INFO 55278 --- [    Test worker] c.b.b.s.a.AuctionsApplicationTests       : Started AuctionsApplicationTests in 2.563 seconds (JVM running for 4.655)
]]></system-out>
  <system-err><![CDATA[]]></system-err>
</testsuite>
